<?xml version="1.0" encoding="UTF-8"?>
<testng-results ignored="0" total="2" passed="2" failed="0" skipped="0">
  <reporter-output>
  </reporter-output>
  <suite started-at="2023-02-13T17:23:00 IST" name="Default suite" finished-at="2023-02-13T17:23:07 IST" duration-ms="7015">
    <groups>
    </groups>
    <test started-at="2023-02-13T17:23:00 IST" name="Default test" finished-at="2023-02-13T17:23:07 IST" duration-ms="7015">
      <class name="com.app.testcases.loginPageTest">
        <test-method is-config="true" signature="setUp()[pri:0, instance:com.app.testcases.loginPageTest@4d465b11]" started-at="2023-02-13T17:23:00 IST" name="setUp" finished-at="2023-02-13T17:23:04 IST" duration-ms="3696" status="PASS">
          <reporter-output>
          </reporter-output>
        </test-method> <!-- setUp -->
        <test-method signature="loginPageTitleTest()[pri:1, instance:com.app.testcases.loginPageTest@4d465b11]" started-at="2023-02-13T17:23:04 IST" name="loginPageTitleTest" finished-at="2023-02-13T17:23:04 IST" duration-ms="26" status="PASS">
          <reporter-output>
          </reporter-output>
        </test-method> <!-- loginPageTitleTest -->
        <test-method is-config="true" signature="tearDown()[pri:0, instance:com.app.testcases.loginPageTest@4d465b11]" started-at="2023-02-13T17:23:04 IST" name="tearDown" finished-at="2023-02-13T17:23:04 IST" duration-ms="120" status="PASS">
          <reporter-output>
          </reporter-output>
        </test-method> <!-- tearDown -->
        <test-method is-config="true" signature="setUp()[pri:0, instance:com.app.testcases.loginPageTest@4d465b11]" started-at="2023-02-13T17:23:04 IST" name="setUp" finished-at="2023-02-13T17:23:07 IST" duration-ms="2754" status="PASS">
          <reporter-output>
          </reporter-output>
        </test-method> <!-- setUp -->
        <test-method signature="loginTest()[pri:2, instance:com.app.testcases.loginPageTest@4d465b11]" started-at="2023-02-13T17:23:07 IST" name="loginTest" finished-at="2023-02-13T17:23:07 IST" duration-ms="239" status="PASS">
          <reporter-output>
          </reporter-output>
        </test-method> <!-- loginTest -->
        <test-method is-config="true" signature="tearDown()[pri:0, instance:com.app.testcases.loginPageTest@4d465b11]" started-at="2023-02-13T17:23:07 IST" name="tearDown" finished-at="2023-02-13T17:23:07 IST" duration-ms="135" status="PASS">
          <reporter-output>
          </reporter-output>
        </test-method> <!-- tearDown -->
      </class> <!-- com.app.testcases.loginPageTest -->
    </test> <!-- Default test -->
  </suite> <!-- Default suite -->
</testng-results>
